<?xml version="1.0" encoding="UTF-8"?>
<coverage generated="1708989145009" clover="3.2.0">
  <project timestamp="1708989145009" name="All files">
    <metrics statements="62" coveredstatements="62" conditionals="16" coveredconditionals="16" methods="10" coveredmethods="10" elements="88" coveredelements="88" complexity="0" loc="62" ncloc="62" packages="1" files="1" classes="1"/>
    <file name="DoubleLinkedList.tsx" path="C:\Users\outsi\IdeaProjects\trivia-app\src\features\gameLogic\DoubleLinkedList.tsx">
      <metrics statements="62" coveredstatements="62" conditionals="16" coveredconditionals="16" methods="10" coveredmethods="10"/>
      <line num="1" count="1" type="stmt"/>
      <line num="2" count="1" type="stmt"/>
      <line num="3" count="1" type="stmt"/>
      <line num="4" count="1" type="stmt"/>
      <line num="5" count="1" type="stmt"/>
      <line num="6" count="1" type="cond" truecount="1" falsecount="0"/>
      <line num="7" count="5" type="stmt"/>
      <line num="8" count="5" type="stmt"/>
      <line num="9" count="1" type="stmt"/>
      <line num="10" count="1" type="stmt"/>
      <line num="11" count="1" type="stmt"/>
      <line num="12" count="1" type="stmt"/>
      <line num="13" count="1" type="stmt"/>
      <line num="14" count="1" type="cond" truecount="1" falsecount="0"/>
      <line num="15" count="4" type="stmt"/>
      <line num="16" count="4" type="stmt"/>
      <line num="17" count="4" type="stmt"/>
      <line num="18" count="4" type="stmt"/>
      <line num="19" count="1" type="stmt"/>
      <line num="20" count="1" type="stmt"/>
      <line num="21" count="1" type="cond" truecount="1" falsecount="0"/>
      <line num="22" count="5" type="stmt"/>
      <line num="23" count="5" type="cond" truecount="1" falsecount="0"/>
      <line num="24" count="3" type="stmt"/>
      <line num="25" count="3" type="stmt"/>
      <line num="26" count="5" type="cond" truecount="1" falsecount="0"/>
      <line num="27" count="2" type="stmt"/>
      <line num="28" count="2" type="stmt"/>
      <line num="29" count="2" type="stmt"/>
      <line num="30" count="2" type="stmt"/>
      <line num="31" count="5" type="stmt"/>
      <line num="32" count="5" type="stmt"/>
      <line num="33" count="1" type="stmt"/>
      <line num="34" count="1" type="cond" truecount="1" falsecount="0"/>
      <line num="35" count="1" type="stmt"/>
      <line num="36" count="1" type="stmt"/>
      <line num="37" count="1" type="cond" truecount="1" falsecount="0"/>
      <line num="38" count="2" type="stmt"/>
      <line num="39" count="2" type="cond" truecount="1" falsecount="0"/>
      <line num="40" count="3" type="cond" truecount="1" falsecount="0"/>
      <line num="41" count="1" type="stmt"/>
      <line num="42" count="1" type="stmt"/>
      <line num="43" count="2" type="cond" truecount="1" falsecount="0"/>
      <line num="44" count="2" type="stmt"/>
      <line num="45" count="1" type="cond" truecount="1" falsecount="0"/>
      <line num="46" count="1" type="stmt"/>
      <line num="47" count="1" type="cond" truecount="1" falsecount="0"/>
      <line num="48" count="1" type="stmt"/>
      <line num="49" count="1" type="stmt"/>
      <line num="50" count="1" type="cond" truecount="1" falsecount="0"/>
      <line num="51" count="2" type="stmt"/>
      <line num="52" count="2" type="stmt"/>
      <line num="53" count="1" type="cond" truecount="1" falsecount="0"/>
      <line num="54" count="1" type="stmt"/>
      <line num="55" count="1" type="stmt"/>
      <line num="56" count="1" type="cond" truecount="1" falsecount="0"/>
      <line num="57" count="2" type="stmt"/>
      <line num="58" count="2" type="stmt"/>
      <line num="59" count="1" type="cond" truecount="1" falsecount="0"/>
      <line num="60" count="2" type="stmt"/>
      <line num="61" count="2" type="stmt"/>
      <line num="62" count="1" type="stmt"/>
    </file>
  </project>
</coverage>
