{"C:\\Users\\outsi\\IdeaProjects\\trivia-app\\src\\features\\gameLogic\\DoubleLinkedList.tsx": {"path":"C:\\Users\\outsi\\IdeaProjects\\trivia-app\\src\\features\\gameLogic\\DoubleLinkedList.tsx","all":false,"statementMap":{"0":{"start":{"line":1,"column":0},"end":{"line":1,"column":12}},"1":{"start":{"line":2,"column":0},"end":{"line":2,"column":67}},"2":{"start":{"line":3,"column":0},"end":{"line":3,"column":22}},"3":{"start":{"line":4,"column":0},"end":{"line":4,"column":22}},"4":{"start":{"line":5,"column":0},"end":{"line":5,"column":0}},"5":{"start":{"line":6,"column":0},"end":{"line":6,"column":0}},"6":{"start":{"line":7,"column":0},"end":{"line":7,"column":28}},"7":{"start":{"line":8,"column":0},"end":{"line":8,"column":25}},"8":{"start":{"line":9,"column":0},"end":{"line":9,"column":25}},"9":{"start":{"line":10,"column":0},"end":{"line":10,"column":25}},"10":{"start":{"line":11,"column":0},"end":{"line":11,"column":5}},"11":{"start":{"line":12,"column":0},"end":{"line":12,"column":1}},"12":{"start":{"line":13,"column":0},"end":{"line":13,"column":31}},"13":{"start":{"line":14,"column":0},"end":{"line":14,"column":30}},"14":{"start":{"line":15,"column":0},"end":{"line":15,"column":30}},"15":{"start":{"line":16,"column":0},"end":{"line":16,"column":45}},"16":{"start":{"line":17,"column":0},"end":{"line":17,"column":26}},"17":{"start":{"line":18,"column":0},"end":{"line":18,"column":19}},"18":{"start":{"line":19,"column":0},"end":{"line":19,"column":25}},"19":{"start":{"line":20,"column":0},"end":{"line":20,"column":25}},"20":{"start":{"line":21,"column":0},"end":{"line":21,"column":28}},"21":{"start":{"line":22,"column":0},"end":{"line":22,"column":23}},"22":{"start":{"line":23,"column":0},"end":{"line":23,"column":5}},"23":{"start":{"line":24,"column":0},"end":{"line":24,"column":0}},"24":{"start":{"line":25,"column":0},"end":{"line":25,"column":44}},"25":{"start":{"line":26,"column":0},"end":{"line":26,"column":23}},"26":{"start":{"line":27,"column":0},"end":{"line":27,"column":39}},"27":{"start":{"line":28,"column":0},"end":{"line":28,"column":23}},"28":{"start":{"line":29,"column":0},"end":{"line":29,"column":32}},"29":{"start":{"line":30,"column":0},"end":{"line":30,"column":32}},"30":{"start":{"line":31,"column":0},"end":{"line":31,"column":84}},"31":{"start":{"line":32,"column":0},"end":{"line":32,"column":14}},"32":{"start":{"line":33,"column":0},"end":{"line":33,"column":37}},"33":{"start":{"line":34,"column":0},"end":{"line":34,"column":38}},"34":{"start":{"line":35,"column":0},"end":{"line":35,"column":32}},"35":{"start":{"line":36,"column":0},"end":{"line":36,"column":9}},"36":{"start":{"line":37,"column":0},"end":{"line":37,"column":21}},"37":{"start":{"line":38,"column":0},"end":{"line":38,"column":5}},"38":{"start":{"line":39,"column":0},"end":{"line":39,"column":17}},"39":{"start":{"line":40,"column":0},"end":{"line":40,"column":27}},"40":{"start":{"line":41,"column":0},"end":{"line":41,"column":5}},"41":{"start":{"line":42,"column":0},"end":{"line":42,"column":0}},"42":{"start":{"line":43,"column":0},"end":{"line":43,"column":15}},"43":{"start":{"line":44,"column":0},"end":{"line":44,"column":31}},"44":{"start":{"line":45,"column":0},"end":{"line":45,"column":46}},"45":{"start":{"line":46,"column":0},"end":{"line":46,"column":9}},"46":{"start":{"line":47,"column":0},"end":{"line":47,"column":28}},"47":{"start":{"line":48,"column":0},"end":{"line":48,"column":5}},"48":{"start":{"line":49,"column":0},"end":{"line":49,"column":28}},"49":{"start":{"line":50,"column":0},"end":{"line":50,"column":32}},"50":{"start":{"line":51,"column":0},"end":{"line":51,"column":32}},"51":{"start":{"line":52,"column":0},"end":{"line":52,"column":43}},"52":{"start":{"line":53,"column":0},"end":{"line":53,"column":31}},"53":{"start":{"line":54,"column":0},"end":{"line":54,"column":13}},"54":{"start":{"line":55,"column":0},"end":{"line":55,"column":35}},"55":{"start":{"line":56,"column":0},"end":{"line":56,"column":9}},"56":{"start":{"line":57,"column":0},"end":{"line":57,"column":55}},"57":{"start":{"line":58,"column":0},"end":{"line":58,"column":5}},"58":{"start":{"line":59,"column":0},"end":{"line":59,"column":15}},"59":{"start":{"line":60,"column":0},"end":{"line":60,"column":31}},"60":{"start":{"line":61,"column":0},"end":{"line":61,"column":46}},"61":{"start":{"line":62,"column":0},"end":{"line":62,"column":9}},"62":{"start":{"line":63,"column":0},"end":{"line":63,"column":28}},"63":{"start":{"line":64,"column":0},"end":{"line":64,"column":5}},"64":{"start":{"line":65,"column":0},"end":{"line":65,"column":24}},"65":{"start":{"line":66,"column":0},"end":{"line":66,"column":33}},"66":{"start":{"line":67,"column":0},"end":{"line":67,"column":5}},"67":{"start":{"line":68,"column":0},"end":{"line":68,"column":19}},"68":{"start":{"line":69,"column":0},"end":{"line":69,"column":25}},"69":{"start":{"line":70,"column":0},"end":{"line":70,"column":5}},"70":{"start":{"line":71,"column":0},"end":{"line":71,"column":18}},"71":{"start":{"line":72,"column":0},"end":{"line":72,"column":25}},"72":{"start":{"line":73,"column":0},"end":{"line":73,"column":5}},"73":{"start":{"line":74,"column":0},"end":{"line":74,"column":14}},"74":{"start":{"line":75,"column":0},"end":{"line":75,"column":34}},"75":{"start":{"line":76,"column":0},"end":{"line":76,"column":5}},"76":{"start":{"line":77,"column":0},"end":{"line":77,"column":11}},"77":{"start":{"line":78,"column":0},"end":{"line":78,"column":26}},"78":{"start":{"line":79,"column":0},"end":{"line":79,"column":5}},"79":{"start":{"line":80,"column":0},"end":{"line":80,"column":1}}},"s":{"0":1,"1":1,"2":1,"3":1,"4":1,"5":1,"6":1,"7":34,"8":34,"9":34,"10":34,"11":1,"12":1,"13":1,"14":1,"15":1,"16":1,"17":1,"18":22,"19":22,"20":22,"21":22,"22":22,"23":1,"24":1,"25":1,"26":34,"27":34,"28":13,"29":13,"30":13,"31":29,"32":21,"33":21,"34":21,"35":21,"36":34,"37":34,"38":1,"39":11,"40":11,"41":1,"42":1,"43":5,"44":5,"45":5,"46":5,"47":5,"48":1,"49":2,"50":2,"51":3,"52":1,"53":1,"54":2,"55":2,"56":1,"57":1,"58":1,"59":2,"60":2,"61":2,"62":2,"63":2,"64":1,"65":1,"66":1,"67":1,"68":3,"69":3,"70":1,"71":1,"72":1,"73":1,"74":2,"75":2,"76":1,"77":3,"78":3,"79":1},"branchMap":{"0":{"type":"branch","line":7,"loc":{"start":{"line":7,"column":4},"end":{"line":11,"column":5}},"locations":[{"start":{"line":7,"column":4},"end":{"line":11,"column":5}}]},"1":{"type":"branch","line":18,"loc":{"start":{"line":18,"column":4},"end":{"line":23,"column":5}},"locations":[{"start":{"line":18,"column":4},"end":{"line":23,"column":5}}]},"2":{"type":"branch","line":26,"loc":{"start":{"line":26,"column":4},"end":{"line":38,"column":5}},"locations":[{"start":{"line":26,"column":4},"end":{"line":38,"column":5}}]},"3":{"type":"branch","line":28,"loc":{"start":{"line":28,"column":22},"end":{"line":36,"column":9}},"locations":[{"start":{"line":28,"column":22},"end":{"line":36,"column":9}}]},"4":{"type":"branch","line":28,"loc":{"start":{"line":28,"column":22},"end":{"line":32,"column":9}},"locations":[{"start":{"line":28,"column":22},"end":{"line":32,"column":9}}]},"5":{"type":"branch","line":32,"loc":{"start":{"line":32,"column":9},"end":{"line":36,"column":9}},"locations":[{"start":{"line":32,"column":9},"end":{"line":36,"column":9}}]},"6":{"type":"branch","line":39,"loc":{"start":{"line":39,"column":4},"end":{"line":41,"column":5}},"locations":[{"start":{"line":39,"column":4},"end":{"line":41,"column":5}}]},"7":{"type":"branch","line":43,"loc":{"start":{"line":43,"column":4},"end":{"line":48,"column":5}},"locations":[{"start":{"line":43,"column":4},"end":{"line":48,"column":5}}]},"8":{"type":"branch","line":49,"loc":{"start":{"line":49,"column":4},"end":{"line":58,"column":5}},"locations":[{"start":{"line":49,"column":4},"end":{"line":58,"column":5}}]},"9":{"type":"branch","line":51,"loc":{"start":{"line":51,"column":31},"end":{"line":56,"column":9}},"locations":[{"start":{"line":51,"column":31},"end":{"line":56,"column":9}}]},"10":{"type":"branch","line":52,"loc":{"start":{"line":52,"column":42},"end":{"line":54,"column":13}},"locations":[{"start":{"line":52,"column":42},"end":{"line":54,"column":13}}]},"11":{"type":"branch","line":55,"loc":{"start":{"line":55,"column":-2},"end":{"line":56,"column":9}},"locations":[{"start":{"line":55,"column":-2},"end":{"line":56,"column":9}}]},"12":{"type":"branch","line":57,"loc":{"start":{"line":57,"column":-2},"end":{"line":58,"column":5}},"locations":[{"start":{"line":57,"column":-2},"end":{"line":58,"column":5}}]},"13":{"type":"branch","line":59,"loc":{"start":{"line":59,"column":4},"end":{"line":64,"column":5}},"locations":[{"start":{"line":59,"column":4},"end":{"line":64,"column":5}}]},"14":{"type":"branch","line":65,"loc":{"start":{"line":65,"column":4},"end":{"line":67,"column":5}},"locations":[{"start":{"line":65,"column":4},"end":{"line":67,"column":5}}]},"15":{"type":"branch","line":68,"loc":{"start":{"line":68,"column":4},"end":{"line":70,"column":5}},"locations":[{"start":{"line":68,"column":4},"end":{"line":70,"column":5}}]},"16":{"type":"branch","line":71,"loc":{"start":{"line":71,"column":4},"end":{"line":73,"column":5}},"locations":[{"start":{"line":71,"column":4},"end":{"line":73,"column":5}}]},"17":{"type":"branch","line":74,"loc":{"start":{"line":74,"column":4},"end":{"line":76,"column":5}},"locations":[{"start":{"line":74,"column":4},"end":{"line":76,"column":5}}]},"18":{"type":"branch","line":77,"loc":{"start":{"line":77,"column":4},"end":{"line":79,"column":5}},"locations":[{"start":{"line":77,"column":4},"end":{"line":79,"column":5}}]}},"b":{"0":[34],"1":[22],"2":[34],"3":[29],"4":[13],"5":[21],"6":[11],"7":[5],"8":[2],"9":[3],"10":[1],"11":[2],"12":[1],"13":[2],"14":[1],"15":[3],"16":[1],"17":[2],"18":[3]},"fnMap":{"0":{"name":"Node","decl":{"start":{"line":7,"column":4},"end":{"line":11,"column":5}},"loc":{"start":{"line":7,"column":4},"end":{"line":11,"column":5}},"line":7},"1":{"name":"DoubleLinkedList","decl":{"start":{"line":18,"column":4},"end":{"line":23,"column":5}},"loc":{"start":{"line":18,"column":4},"end":{"line":23,"column":5}},"line":18},"2":{"name":"addCard","decl":{"start":{"line":26,"column":4},"end":{"line":38,"column":5}},"loc":{"start":{"line":26,"column":4},"end":{"line":38,"column":5}},"line":26},"3":{"name":"getCurrent","decl":{"start":{"line":39,"column":4},"end":{"line":41,"column":5}},"loc":{"start":{"line":39,"column":4},"end":{"line":41,"column":5}},"line":39},"4":{"name":"nextCard","decl":{"start":{"line":43,"column":4},"end":{"line":48,"column":5}},"loc":{"start":{"line":43,"column":4},"end":{"line":48,"column":5}},"line":43},"5":{"name":"findCard","decl":{"start":{"line":49,"column":4},"end":{"line":58,"column":5}},"loc":{"start":{"line":49,"column":4},"end":{"line":58,"column":5}},"line":49},"6":{"name":"prevCard","decl":{"start":{"line":59,"column":4},"end":{"line":64,"column":5}},"loc":{"start":{"line":59,"column":4},"end":{"line":64,"column":5}},"line":59},"7":{"name":"resetToFirstCard","decl":{"start":{"line":65,"column":4},"end":{"line":67,"column":5}},"loc":{"start":{"line":65,"column":4},"end":{"line":67,"column":5}},"line":65},"8":{"name":"getFirstCard","decl":{"start":{"line":68,"column":4},"end":{"line":70,"column":5}},"loc":{"start":{"line":68,"column":4},"end":{"line":70,"column":5}},"line":68},"9":{"name":"getLastCard","decl":{"start":{"line":71,"column":4},"end":{"line":73,"column":5}},"loc":{"start":{"line":71,"column":4},"end":{"line":73,"column":5}},"line":71},"10":{"name":"isEmpty","decl":{"start":{"line":74,"column":4},"end":{"line":76,"column":5}},"loc":{"start":{"line":74,"column":4},"end":{"line":76,"column":5}},"line":74},"11":{"name":"size","decl":{"start":{"line":77,"column":4},"end":{"line":79,"column":5}},"loc":{"start":{"line":77,"column":4},"end":{"line":79,"column":5}},"line":77}},"f":{"0":34,"1":22,"2":34,"3":11,"4":5,"5":2,"6":2,"7":1,"8":3,"9":1,"10":2,"11":3}}
,"C:\\Users\\outsi\\IdeaProjects\\trivia-app\\src\\features\\gameLogic\\StrategyComponent.tsx": {"path":"C:\\Users\\outsi\\IdeaProjects\\trivia-app\\src\\features\\gameLogic\\StrategyComponent.tsx","all":false,"statementMap":{"0":{"start":{"line":1,"column":0},"end":{"line":1,"column":56}},"1":{"start":{"line":2,"column":0},"end":{"line":2,"column":54}},"2":{"start":{"line":3,"column":0},"end":{"line":3,"column":57}},"3":{"start":{"line":4,"column":0},"end":{"line":4,"column":0}},"4":{"start":{"line":5,"column":0},"end":{"line":5,"column":25}},"5":{"start":{"line":6,"column":0},"end":{"line":6,"column":49}},"6":{"start":{"line":7,"column":0},"end":{"line":7,"column":1}},"7":{"start":{"line":8,"column":0},"end":{"line":8,"column":0}},"8":{"start":{"line":9,"column":0},"end":{"line":9,"column":62}},"9":{"start":{"line":10,"column":0},"end":{"line":10,"column":30}},"10":{"start":{"line":11,"column":0},"end":{"line":11,"column":50}},"11":{"start":{"line":12,"column":0},"end":{"line":12,"column":54}},"12":{"start":{"line":13,"column":0},"end":{"line":13,"column":0}},"13":{"start":{"line":14,"column":0},"end":{"line":14,"column":37}},"14":{"start":{"line":15,"column":0},"end":{"line":15,"column":65}},"15":{"start":{"line":16,"column":0},"end":{"line":16,"column":41}},"16":{"start":{"line":17,"column":0},"end":{"line":17,"column":11}},"17":{"start":{"line":18,"column":0},"end":{"line":18,"column":30}},"18":{"start":{"line":19,"column":0},"end":{"line":19,"column":5}},"19":{"start":{"line":20,"column":0},"end":{"line":20,"column":0}},"20":{"start":{"line":21,"column":0},"end":{"line":21,"column":51}},"21":{"start":{"line":22,"column":0},"end":{"line":22,"column":44}},"22":{"start":{"line":23,"column":0},"end":{"line":23,"column":91}},"23":{"start":{"line":24,"column":0},"end":{"line":24,"column":26}},"24":{"start":{"line":25,"column":0},"end":{"line":25,"column":25}},"25":{"start":{"line":26,"column":0},"end":{"line":26,"column":35}},"26":{"start":{"line":27,"column":0},"end":{"line":27,"column":30}},"27":{"start":{"line":28,"column":0},"end":{"line":28,"column":12}},"28":{"start":{"line":29,"column":0},"end":{"line":29,"column":0}},"29":{"start":{"line":30,"column":0},"end":{"line":30,"column":15}},"30":{"start":{"line":31,"column":0},"end":{"line":31,"column":23}},"31":{"start":{"line":32,"column":0},"end":{"line":32,"column":36}},"32":{"start":{"line":33,"column":0},"end":{"line":33,"column":29}},"33":{"start":{"line":34,"column":0},"end":{"line":34,"column":10}},"34":{"start":{"line":35,"column":0},"end":{"line":35,"column":5}},"35":{"start":{"line":36,"column":0},"end":{"line":36,"column":1}},"36":{"start":{"line":37,"column":0},"end":{"line":37,"column":0}},"37":{"start":{"line":38,"column":0},"end":{"line":38,"column":31}},"38":{"start":{"line":39,"column":0},"end":{"line":39,"column":35}},"39":{"start":{"line":40,"column":0},"end":{"line":40,"column":76}},"40":{"start":{"line":41,"column":0},"end":{"line":41,"column":45}},"41":{"start":{"line":42,"column":0},"end":{"line":42,"column":22}},"42":{"start":{"line":43,"column":0},"end":{"line":43,"column":0}},"43":{"start":{"line":44,"column":0},"end":{"line":44,"column":0}},"44":{"start":{"line":45,"column":0},"end":{"line":45,"column":75}},"45":{"start":{"line":46,"column":0},"end":{"line":46,"column":37}},"46":{"start":{"line":47,"column":0},"end":{"line":47,"column":33}},"47":{"start":{"line":48,"column":0},"end":{"line":48,"column":26}},"48":{"start":{"line":49,"column":0},"end":{"line":49,"column":5}},"49":{"start":{"line":50,"column":0},"end":{"line":50,"column":17}},"50":{"start":{"line":51,"column":0},"end":{"line":51,"column":85}},"51":{"start":{"line":52,"column":0},"end":{"line":52,"column":5}},"52":{"start":{"line":53,"column":0},"end":{"line":53,"column":15}},"53":{"start":{"line":54,"column":0},"end":{"line":54,"column":45}},"54":{"start":{"line":55,"column":0},"end":{"line":55,"column":5}},"55":{"start":{"line":56,"column":0},"end":{"line":56,"column":15}},"56":{"start":{"line":57,"column":0},"end":{"line":57,"column":45}},"57":{"start":{"line":58,"column":0},"end":{"line":58,"column":5}},"58":{"start":{"line":59,"column":0},"end":{"line":59,"column":14}},"59":{"start":{"line":60,"column":0},"end":{"line":60,"column":54}},"60":{"start":{"line":61,"column":0},"end":{"line":61,"column":5}},"61":{"start":{"line":62,"column":0},"end":{"line":62,"column":12}},"62":{"start":{"line":63,"column":0},"end":{"line":63,"column":67}},"63":{"start":{"line":64,"column":0},"end":{"line":64,"column":27}},"64":{"start":{"line":65,"column":0},"end":{"line":65,"column":66}},"65":{"start":{"line":66,"column":0},"end":{"line":66,"column":42}},"66":{"start":{"line":67,"column":0},"end":{"line":67,"column":15}},"67":{"start":{"line":68,"column":0},"end":{"line":68,"column":34}},"68":{"start":{"line":69,"column":0},"end":{"line":69,"column":47}},"69":{"start":{"line":70,"column":0},"end":{"line":70,"column":18}},"70":{"start":{"line":71,"column":0},"end":{"line":71,"column":22}},"71":{"start":{"line":72,"column":0},"end":{"line":72,"column":13}},"72":{"start":{"line":73,"column":0},"end":{"line":73,"column":9}},"73":{"start":{"line":74,"column":0},"end":{"line":74,"column":53}},"74":{"start":{"line":75,"column":0},"end":{"line":75,"column":5}},"75":{"start":{"line":76,"column":0},"end":{"line":76,"column":15}},"76":{"start":{"line":77,"column":0},"end":{"line":77,"column":26}},"77":{"start":{"line":78,"column":0},"end":{"line":78,"column":5}},"78":{"start":{"line":79,"column":0},"end":{"line":79,"column":34}},"79":{"start":{"line":80,"column":0},"end":{"line":80,"column":87}},"80":{"start":{"line":81,"column":0},"end":{"line":81,"column":24}},"81":{"start":{"line":82,"column":0},"end":{"line":82,"column":95}},"82":{"start":{"line":83,"column":0},"end":{"line":83,"column":45}},"83":{"start":{"line":84,"column":0},"end":{"line":84,"column":59}},"84":{"start":{"line":85,"column":0},"end":{"line":85,"column":29}},"85":{"start":{"line":86,"column":0},"end":{"line":86,"column":28}},"86":{"start":{"line":87,"column":0},"end":{"line":87,"column":13}},"87":{"start":{"line":88,"column":0},"end":{"line":88,"column":17}},"88":{"start":{"line":89,"column":0},"end":{"line":89,"column":29}},"89":{"start":{"line":90,"column":0},"end":{"line":90,"column":13}},"90":{"start":{"line":91,"column":0},"end":{"line":91,"column":9}},"91":{"start":{"line":92,"column":0},"end":{"line":92,"column":5}},"92":{"start":{"line":93,"column":0},"end":{"line":93,"column":1}},"93":{"start":{"line":94,"column":0},"end":{"line":94,"column":0}},"94":{"start":{"line":95,"column":0},"end":{"line":95,"column":2}},"95":{"start":{"line":96,"column":0},"end":{"line":96,"column":6}},"96":{"start":{"line":97,"column":0},"end":{"line":97,"column":72}},"97":{"start":{"line":98,"column":0},"end":{"line":98,"column":73}},"98":{"start":{"line":99,"column":0},"end":{"line":99,"column":3}}},"s":{"0":1,"1":1,"2":1,"3":1,"4":1,"5":1,"6":1,"7":1,"8":8,"9":8,"10":8,"11":8,"12":8,"13":8,"14":24,"15":24,"16":8,"17":8,"18":8,"19":8,"20":8,"21":24,"22":24,"23":96,"24":96,"25":96,"26":96,"27":24,"28":24,"29":24,"30":24,"31":24,"32":24,"33":24,"34":24,"35":8,"36":1,"37":1,"38":1,"39":1,"40":1,"41":1,"42":1,"43":1,"44":1,"45":8,"46":8,"47":8,"48":8,"49":1,"50":8,"51":8,"52":1,"53":3,"54":3,"55":1,"56":1,"57":1,"58":1,"59":5,"60":5,"61":1,"62":1,"63":1,"64":3,"65":12,"66":3,"67":3,"68":2,"69":3,"70":1,"71":1,"72":3,"73":1,"74":1,"75":1,"76":3,"77":3,"78":1,"79":4,"80":4,"81":4,"82":4,"83":4,"84":2,"85":2,"86":2,"87":2,"88":2,"89":2,"90":4,"91":4,"92":1,"93":1,"94":1,"95":1,"96":1,"97":1,"98":1},"branchMap":{"0":{"type":"branch","line":9,"loc":{"start":{"line":9,"column":0},"end":{"line":36,"column":1}},"locations":[{"start":{"line":9,"column":0},"end":{"line":36,"column":1}}]},"1":{"type":"branch","line":11,"loc":{"start":{"line":11,"column":4},"end":{"line":19,"column":5}},"locations":[{"start":{"line":11,"column":4},"end":{"line":19,"column":5}}]},"2":{"type":"branch","line":14,"loc":{"start":{"line":14,"column":27},"end":{"line":17,"column":9}},"locations":[{"start":{"line":14,"column":27},"end":{"line":17,"column":9}}]},"3":{"type":"branch","line":21,"loc":{"start":{"line":21,"column":12},"end":{"line":35,"column":5}},"locations":[{"start":{"line":21,"column":12},"end":{"line":35,"column":5}}]},"4":{"type":"branch","line":23,"loc":{"start":{"line":23,"column":54},"end":{"line":28,"column":10}},"locations":[{"start":{"line":23,"column":54},"end":{"line":28,"column":10}}]},"5":{"type":"branch","line":45,"loc":{"start":{"line":45,"column":4},"end":{"line":49,"column":5}},"locations":[{"start":{"line":45,"column":4},"end":{"line":49,"column":5}}]},"6":{"type":"branch","line":50,"loc":{"start":{"line":50,"column":4},"end":{"line":52,"column":5}},"locations":[{"start":{"line":50,"column":4},"end":{"line":52,"column":5}}]},"7":{"type":"branch","line":53,"loc":{"start":{"line":53,"column":4},"end":{"line":55,"column":5}},"locations":[{"start":{"line":53,"column":4},"end":{"line":55,"column":5}}]},"8":{"type":"branch","line":56,"loc":{"start":{"line":56,"column":4},"end":{"line":58,"column":5}},"locations":[{"start":{"line":56,"column":4},"end":{"line":58,"column":5}}]},"9":{"type":"branch","line":59,"loc":{"start":{"line":59,"column":4},"end":{"line":61,"column":5}},"locations":[{"start":{"line":59,"column":4},"end":{"line":61,"column":5}}]},"10":{"type":"branch","line":62,"loc":{"start":{"line":62,"column":4},"end":{"line":75,"column":5}},"locations":[{"start":{"line":62,"column":4},"end":{"line":75,"column":5}}]},"11":{"type":"branch","line":64,"loc":{"start":{"line":64,"column":26},"end":{"line":73,"column":9}},"locations":[{"start":{"line":64,"column":26},"end":{"line":73,"column":9}}]},"12":{"type":"branch","line":68,"loc":{"start":{"line":68,"column":33},"end":{"line":70,"column":13}},"locations":[{"start":{"line":68,"column":33},"end":{"line":70,"column":13}}]},"13":{"type":"branch","line":70,"loc":{"start":{"line":70,"column":13},"end":{"line":72,"column":13}},"locations":[{"start":{"line":70,"column":13},"end":{"line":72,"column":13}}]},"14":{"type":"branch","line":65,"loc":{"start":{"line":65,"column":45},"end":{"line":67,"column":13}},"locations":[{"start":{"line":65,"column":45},"end":{"line":67,"column":13}}]},"15":{"type":"branch","line":76,"loc":{"start":{"line":76,"column":4},"end":{"line":78,"column":5}},"locations":[{"start":{"line":76,"column":4},"end":{"line":78,"column":5}}]},"16":{"type":"branch","line":79,"loc":{"start":{"line":79,"column":4},"end":{"line":92,"column":5}},"locations":[{"start":{"line":79,"column":4},"end":{"line":92,"column":5}}]},"17":{"type":"branch","line":84,"loc":{"start":{"line":84,"column":58},"end":{"line":90,"column":13}},"locations":[{"start":{"line":84,"column":58},"end":{"line":90,"column":13}}]},"18":{"type":"branch","line":82,"loc":{"start":{"line":82,"column":60},"end":{"line":82,"column":92}},"locations":[{"start":{"line":82,"column":60},"end":{"line":82,"column":92}}]}},"b":{"0":[8],"1":[8],"2":[24],"3":[24],"4":[96],"5":[8],"6":[8],"7":[3],"8":[1],"9":[5],"10":[1],"11":[3],"12":[2],"13":[1],"14":[12],"15":[3],"16":[4],"17":[2],"18":[6]},"fnMap":{"0":{"name":"ConcreteTriviaStrategy","decl":{"start":{"line":9,"column":0},"end":{"line":36,"column":1}},"loc":{"start":{"line":9,"column":0},"end":{"line":36,"column":1}},"line":9},"1":{"name":"execute","decl":{"start":{"line":11,"column":4},"end":{"line":19,"column":5}},"loc":{"start":{"line":11,"column":4},"end":{"line":19,"column":5}},"line":11},"2":{"name":"createTriviaCard","decl":{"start":{"line":21,"column":12},"end":{"line":35,"column":5}},"loc":{"start":{"line":21,"column":12},"end":{"line":35,"column":5}},"line":21},"3":{"name":"StrategyComponent","decl":{"start":{"line":45,"column":4},"end":{"line":49,"column":5}},"loc":{"start":{"line":45,"column":4},"end":{"line":49,"column":5}},"line":45},"4":{"name":"initialize","decl":{"start":{"line":50,"column":4},"end":{"line":52,"column":5}},"loc":{"start":{"line":50,"column":4},"end":{"line":52,"column":5}},"line":50},"5":{"name":"nextCard","decl":{"start":{"line":53,"column":4},"end":{"line":55,"column":5}},"loc":{"start":{"line":53,"column":4},"end":{"line":55,"column":5}},"line":53},"6":{"name":"prevCard","decl":{"start":{"line":56,"column":4},"end":{"line":58,"column":5}},"loc":{"start":{"line":56,"column":4},"end":{"line":58,"column":5}},"line":56},"7":{"name":"getCard","decl":{"start":{"line":59,"column":4},"end":{"line":61,"column":5}},"loc":{"start":{"line":59,"column":4},"end":{"line":61,"column":5}},"line":59},"8":{"name":"reset","decl":{"start":{"line":62,"column":4},"end":{"line":75,"column":5}},"loc":{"start":{"line":62,"column":4},"end":{"line":75,"column":5}},"line":62},"9":{"name":"getScore","decl":{"start":{"line":76,"column":4},"end":{"line":78,"column":5}},"loc":{"start":{"line":76,"column":4},"end":{"line":78,"column":5}},"line":76},"10":{"name":"checkAnswer","decl":{"start":{"line":79,"column":4},"end":{"line":92,"column":5}},"loc":{"start":{"line":79,"column":4},"end":{"line":92,"column":5}},"line":79}},"f":{"0":8,"1":8,"2":24,"3":8,"4":8,"5":3,"6":1,"7":5,"8":1,"9":3,"10":4}}
,"C:\\Users\\outsi\\IdeaProjects\\trivia-app\\src\\utils\\Repository.tsx": {"path":"C:\\Users\\outsi\\IdeaProjects\\trivia-app\\src\\utils\\Repository.tsx","all":false,"statementMap":{"0":{"start":{"line":1,"column":0},"end":{"line":1,"column":25}},"1":{"start":{"line":2,"column":0},"end":{"line":2,"column":15}},"2":{"start":{"line":3,"column":0},"end":{"line":3,"column":24}},"3":{"start":{"line":4,"column":0},"end":{"line":4,"column":41}},"4":{"start":{"line":5,"column":0},"end":{"line":5,"column":111}},"5":{"start":{"line":6,"column":0},"end":{"line":6,"column":14}},"6":{"start":{"line":7,"column":0},"end":{"line":7,"column":13}},"7":{"start":{"line":8,"column":0},"end":{"line":8,"column":46}},"8":{"start":{"line":9,"column":0},"end":{"line":9,"column":115}},"9":{"start":{"line":10,"column":0},"end":{"line":10,"column":14}},"10":{"start":{"line":11,"column":0},"end":{"line":11,"column":13}},"11":{"start":{"line":12,"column":0},"end":{"line":12,"column":45}},"12":{"start":{"line":13,"column":0},"end":{"line":13,"column":115}},"13":{"start":{"line":14,"column":0},"end":{"line":14,"column":15}},"14":{"start":{"line":15,"column":0},"end":{"line":15,"column":21}},"15":{"start":{"line":16,"column":0},"end":{"line":16,"column":5}},"16":{"start":{"line":17,"column":0},"end":{"line":17,"column":1}}},"s":{"0":1,"1":1,"2":2,"3":2,"4":2,"5":2,"6":2,"7":2,"8":2,"9":2,"10":2,"11":2,"12":2,"13":2,"14":2,"15":2,"16":1},"branchMap":{"0":{"type":"branch","line":2,"loc":{"start":{"line":2,"column":4},"end":{"line":16,"column":5}},"locations":[{"start":{"line":2,"column":4},"end":{"line":16,"column":5}}]}},"b":{"0":[2]},"fnMap":{"0":{"name":"getData","decl":{"start":{"line":2,"column":4},"end":{"line":16,"column":5}},"loc":{"start":{"line":2,"column":4},"end":{"line":16,"column":5}},"line":2}},"f":{"0":2}}
}
