TN:
SF:src\features\gameLogic\DoubleLinkedList.tsx
FN:7,Node
FN:18,DoubleLinkedList
FN:26,addCard
FN:39,getCurrent
FN:43,nextCard
FN:49,findCard
FN:59,prevCard
FN:65,resetToFirstCard
FN:68,getFirstCard
FN:71,getLastCard
FN:74,isEmpty
FN:77,size
FNF:12
FNH:12
FNDA:43,Node
FNDA:28,DoubleLinkedList
FNDA:43,addCard
FNDA:18,getCurrent
FNDA:5,nextCard
FNDA:2,findCard
FNDA:2,prevCard
FNDA:1,resetToFirstCard
FNDA:3,getFirstCard
FNDA:1,getLastCard
FNDA:2,isEmpty
FNDA:3,size
DA:1,1
DA:2,1
DA:3,1
DA:4,1
DA:5,1
DA:6,1
DA:7,1
DA:8,43
DA:9,43
DA:10,43
DA:11,43
DA:12,1
DA:13,1
DA:14,1
DA:15,1
DA:16,1
DA:17,1
DA:18,1
DA:19,28
DA:20,28
DA:21,28
DA:22,28
DA:23,28
DA:24,1
DA:25,1
DA:26,1
DA:27,43
DA:28,43
DA:29,16
DA:30,16
DA:31,16
DA:32,38
DA:33,27
DA:34,27
DA:35,27
DA:36,27
DA:37,43
DA:38,43
DA:39,1
DA:40,18
DA:41,18
DA:42,1
DA:43,1
DA:44,5
DA:45,5
DA:46,5
DA:47,5
DA:48,5
DA:49,1
DA:50,2
DA:51,2
DA:52,3
DA:53,1
DA:54,1
DA:55,2
DA:56,2
DA:57,1
DA:58,1
DA:59,1
DA:60,2
DA:61,2
DA:62,2
DA:63,2
DA:64,2
DA:65,1
DA:66,1
DA:67,1
DA:68,1
DA:69,3
DA:70,3
DA:71,1
DA:72,1
DA:73,1
DA:74,1
DA:75,2
DA:76,2
DA:77,1
DA:78,3
DA:79,3
DA:80,1
LF:80
LH:80
BRDA:7,0,0,43
BRDA:18,1,0,28
BRDA:26,2,0,43
BRDA:28,3,0,38
BRDA:28,4,0,16
BRDA:32,5,0,27
BRDA:39,6,0,18
BRDA:43,7,0,5
BRDA:49,8,0,2
BRDA:51,9,0,3
BRDA:52,10,0,1
BRDA:55,11,0,2
BRDA:57,12,0,1
BRDA:59,13,0,2
BRDA:65,14,0,1
BRDA:68,15,0,3
BRDA:71,16,0,1
BRDA:74,17,0,2
BRDA:77,18,0,3
BRF:19
BRH:19
end_of_record
TN:
SF:src\features\gameLogic\StrategyComponent.tsx
FN:9,ConcreteTriviaStrategy
FN:11,execute
FN:21,createTriviaCard
FN:47,StrategyComponent
FN:52,initialize
FN:56,addUpdateListener
FN:59,removeUpdateListener
FN:65,notifyUpdate
FN:68,nextCard
FN:72,prevCard
FN:76,getCard
FN:79,reset
FN:96,getScore
FN:99,checkAnswer
FNF:14
FNH:14
FNDA:11,ConcreteTriviaStrategy
FNDA:11,execute
FNDA:33,createTriviaCard
FNDA:11,StrategyComponent
FNDA:11,initialize
FNDA:4,addUpdateListener
FNDA:1,removeUpdateListener
FNDA:12,notifyUpdate
FNDA:3,nextCard
FNDA:1,prevCard
FNDA:8,getCard
FNDA:1,reset
FNDA:3,getScore
FNDA:4,checkAnswer
DA:1,1
DA:2,1
DA:3,1
DA:4,1
DA:5,1
DA:6,1
DA:7,1
DA:8,1
DA:9,11
DA:10,11
DA:11,11
DA:12,11
DA:13,11
DA:14,11
DA:15,33
DA:16,33
DA:17,11
DA:18,11
DA:19,11
DA:20,11
DA:21,11
DA:22,33
DA:23,33
DA:24,132
DA:25,132
DA:26,132
DA:27,132
DA:28,33
DA:29,33
DA:30,33
DA:31,33
DA:32,33
DA:33,33
DA:34,33
DA:35,33
DA:36,33
DA:37,11
DA:38,1
DA:39,1
DA:40,1
DA:41,1
DA:42,1
DA:43,1
DA:44,1
DA:45,1
DA:46,1
DA:47,1
DA:48,11
DA:49,11
DA:50,11
DA:51,11
DA:52,1
DA:53,11
DA:54,11
DA:55,1
DA:56,1
DA:57,4
DA:58,4
DA:59,1
DA:60,1
DA:61,1
DA:62,1
DA:63,1
DA:64,1
DA:65,1
DA:66,12
DA:67,12
DA:68,1
DA:69,3
DA:70,3
DA:71,3
DA:72,1
DA:73,1
DA:74,1
DA:75,1
DA:76,1
DA:77,8
DA:78,8
DA:79,1
DA:80,1
DA:81,1
DA:82,3
DA:83,3
DA:84,12
DA:85,3
DA:86,3
DA:87,2
DA:88,3
DA:89,1
DA:90,1
DA:91,3
DA:92,1
DA:93,1
DA:94,1
DA:95,1
DA:96,1
DA:97,3
DA:98,3
DA:99,1
DA:100,4
DA:101,4
DA:102,4
DA:103,4
DA:104,4
DA:105,4
DA:106,2
DA:107,2
DA:108,2
DA:109,2
DA:110,2
DA:111,2
DA:112,2
DA:113,2
DA:114,4
DA:115,4
DA:116,1
DA:117,1
DA:118,1
DA:119,1
DA:120,1
DA:121,1
LF:121
LH:121
BRDA:9,0,0,11
BRDA:11,1,0,11
BRDA:14,2,0,33
BRDA:21,3,0,33
BRDA:23,4,0,132
BRDA:33,5,0,153
BRDA:47,6,0,11
BRDA:52,7,0,11
BRDA:56,8,0,4
BRDA:59,9,0,1
BRDA:65,10,0,12
BRDA:66,11,0,3
BRDA:68,12,0,3
BRDA:72,13,0,1
BRDA:76,14,0,8
BRDA:79,15,0,1
BRDA:81,16,0,3
BRDA:86,17,0,2
BRDA:88,18,0,1
BRDA:83,19,0,12
BRDA:96,20,0,3
BRDA:99,21,0,4
BRDA:105,22,0,2
BRDA:103,23,0,13
BRF:24
BRH:24
end_of_record
TN:
SF:src\utils\Repository.tsx
FN:2,getData
FNF:1
FNH:1
FNDA:2,getData
DA:1,1
DA:2,1
DA:3,2
DA:4,2
DA:5,2
DA:6,2
DA:7,2
DA:8,2
DA:9,2
DA:10,2
DA:11,2
DA:12,2
DA:13,2
DA:14,2
DA:15,2
DA:16,1
LF:16
LH:16
BRDA:2,0,0,2
BRF:1
BRH:1
end_of_record
