TN:
SF:src\features\gameLogic\DoubleLinkedList.tsx
FN:7,Node
FN:18,DoubleLinkedList
FN:26,addCard
FN:39,getCurrent
FN:43,nextCard
FN:49,findCard
FN:59,prevCard
FN:65,resetToFirstCard
FN:68,getFirstCard
FN:71,getLastCard
FN:74,isEmpty
FN:77,size
FNF:12
FNH:12
FNDA:34,Node
FNDA:22,DoubleLinkedList
FNDA:34,addCard
FNDA:11,getCurrent
FNDA:5,nextCard
FNDA:2,findCard
FNDA:2,prevCard
FNDA:1,resetToFirstCard
FNDA:3,getFirstCard
FNDA:1,getLastCard
FNDA:2,isEmpty
FNDA:3,size
DA:1,1
DA:2,1
DA:3,1
DA:4,1
DA:5,1
DA:6,1
DA:7,1
DA:8,34
DA:9,34
DA:10,34
DA:11,34
DA:12,1
DA:13,1
DA:14,1
DA:15,1
DA:16,1
DA:17,1
DA:18,1
DA:19,22
DA:20,22
DA:21,22
DA:22,22
DA:23,22
DA:24,1
DA:25,1
DA:26,1
DA:27,34
DA:28,34
DA:29,13
DA:30,13
DA:31,13
DA:32,29
DA:33,21
DA:34,21
DA:35,21
DA:36,21
DA:37,34
DA:38,34
DA:39,1
DA:40,11
DA:41,11
DA:42,1
DA:43,1
DA:44,5
DA:45,5
DA:46,5
DA:47,5
DA:48,5
DA:49,1
DA:50,2
DA:51,2
DA:52,3
DA:53,1
DA:54,1
DA:55,2
DA:56,2
DA:57,1
DA:58,1
DA:59,1
DA:60,2
DA:61,2
DA:62,2
DA:63,2
DA:64,2
DA:65,1
DA:66,1
DA:67,1
DA:68,1
DA:69,3
DA:70,3
DA:71,1
DA:72,1
DA:73,1
DA:74,1
DA:75,2
DA:76,2
DA:77,1
DA:78,3
DA:79,3
DA:80,1
LF:80
LH:80
BRDA:7,0,0,34
BRDA:18,1,0,22
BRDA:26,2,0,34
BRDA:28,3,0,29
BRDA:28,4,0,13
BRDA:32,5,0,21
BRDA:39,6,0,11
BRDA:43,7,0,5
BRDA:49,8,0,2
BRDA:51,9,0,3
BRDA:52,10,0,1
BRDA:55,11,0,2
BRDA:57,12,0,1
BRDA:59,13,0,2
BRDA:65,14,0,1
BRDA:68,15,0,3
BRDA:71,16,0,1
BRDA:74,17,0,2
BRDA:77,18,0,3
BRF:19
BRH:19
end_of_record
TN:
SF:src\features\gameLogic\StrategyComponent.tsx
FN:9,ConcreteTriviaStrategy
FN:11,execute
FN:21,createTriviaCard
FN:46,StrategyComponent
FN:51,initialize
FN:55,addUpdateListener
FN:58,removeUpdateListener
FN:64,notifyUpdate
FN:67,nextCard
FN:70,prevCard
FN:73,getCard
FN:76,reset
FN:90,getScore
FN:93,checkAnswer
FNF:14
FNH:12
FNDA:8,ConcreteTriviaStrategy
FNDA:8,execute
FNDA:24,createTriviaCard
FNDA:8,StrategyComponent
FNDA:8,initialize
FNDA:0,addUpdateListener
FNDA:0,removeUpdateListener
FNDA:2,notifyUpdate
FNDA:3,nextCard
FNDA:1,prevCard
FNDA:5,getCard
FNDA:1,reset
FNDA:3,getScore
FNDA:4,checkAnswer
DA:1,1
DA:2,1
DA:3,1
DA:4,1
DA:5,1
DA:6,1
DA:7,1
DA:8,1
DA:9,8
DA:10,8
DA:11,8
DA:12,8
DA:13,8
DA:14,8
DA:15,24
DA:16,24
DA:17,8
DA:18,8
DA:19,8
DA:20,8
DA:21,8
DA:22,24
DA:23,24
DA:24,96
DA:25,96
DA:26,96
DA:27,96
DA:28,24
DA:29,24
DA:30,24
DA:31,24
DA:32,24
DA:33,24
DA:34,24
DA:35,24
DA:36,8
DA:37,1
DA:38,1
DA:39,1
DA:40,1
DA:41,1
DA:42,1
DA:43,1
DA:44,1
DA:45,1
DA:46,1
DA:47,8
DA:48,8
DA:49,8
DA:50,8
DA:51,1
DA:52,8
DA:53,8
DA:54,1
DA:55,1
DA:56,0
DA:57,0
DA:58,1
DA:59,0
DA:60,0
DA:61,0
DA:62,0
DA:63,0
DA:64,1
DA:65,2
DA:66,2
DA:67,1
DA:68,3
DA:69,3
DA:70,1
DA:71,1
DA:72,1
DA:73,1
DA:74,5
DA:75,5
DA:76,1
DA:77,1
DA:78,1
DA:79,3
DA:80,12
DA:81,3
DA:82,3
DA:83,2
DA:84,3
DA:85,1
DA:86,1
DA:87,3
DA:88,1
DA:89,1
DA:90,1
DA:91,3
DA:92,3
DA:93,1
DA:94,4
DA:95,4
DA:96,4
DA:97,4
DA:98,4
DA:99,2
DA:100,2
DA:101,2
DA:102,2
DA:103,2
DA:104,2
DA:105,2
DA:106,4
DA:107,4
DA:108,1
DA:109,1
DA:110,1
DA:111,1
DA:112,1
DA:113,1
DA:114,1
LF:114
LH:107
BRDA:9,0,0,8
BRDA:11,1,0,8
BRDA:14,2,0,24
BRDA:21,3,0,24
BRDA:23,4,0,96
BRDA:46,5,0,8
BRDA:51,6,0,8
BRDA:64,7,0,2
BRDA:67,8,0,3
BRDA:70,9,0,1
BRDA:73,10,0,5
BRDA:76,11,0,1
BRDA:78,12,0,3
BRDA:82,13,0,2
BRDA:84,14,0,1
BRDA:79,15,0,12
BRDA:90,16,0,3
BRDA:93,17,0,4
BRDA:98,18,0,2
BRDA:96,19,0,6
BRF:20
BRH:20
end_of_record
TN:
SF:src\utils\Repository.tsx
FN:2,getData
FNF:1
FNH:1
FNDA:2,getData
DA:1,1
DA:2,1
DA:3,2
DA:4,2
DA:5,2
DA:6,2
DA:7,2
DA:8,2
DA:9,2
DA:10,2
DA:11,2
DA:12,2
DA:13,2
DA:14,2
DA:15,2
DA:16,1
LF:16
LH:16
BRDA:2,0,0,2
BRF:1
BRH:1
end_of_record
